0 info it worked if it ends with ok
1 verbose cli [ 'C:\\Program Files\\nodejs\\\\node.exe',
1 verbose cli   'C:\\Program Files\\nodejs\\node_modules\\npm\\bin\\npm-cli.js',
1 verbose cli   'run',
1 verbose cli   'mocha' ]
2 info using npm@1.3.24
3 info using node@v0.10.25
4 verbose node symlink C:\Program Files\nodejs\\node.exe
5 verbose run-script [ 'premocha', 'mocha', 'postmocha' ]
6 info premocha chatty-chat@0.0.1
7 info mocha chatty-chat@0.0.1
8 verbose unsafe-perm in lifecycle true
9 info chatty-chat@0.0.1 Failed to exec mocha script
10 error chatty-chat@0.0.1 mocha: `gulp mocha`
10 error Exit status 8
11 error Failed at the chatty-chat@0.0.1 mocha script.
11 error This is most likely a problem with the chatty-chat package,
11 error not with npm itself.
11 error Tell the author that this fails on your system:
11 error     gulp mocha
11 error You can get their info via:
11 error     npm owner ls chatty-chat
11 error There is likely additional logging output above.
12 error System Windows_NT 6.2.9200
13 error command "C:\\Program Files\\nodejs\\\\node.exe" "C:\\Program Files\\nodejs\\node_modules\\npm\\bin\\npm-cli.js" "run" "mocha"
14 error cwd C:\projects\chatty-chat
15 error node -v v0.10.25
16 error npm -v 1.3.24
17 error code ELIFECYCLE
18 verbose exit [ 1, true ]
